# JRE version: OpenJDK Runtime Environment (8.0_131-b11) (build 1.8.0_131-8u131-b11-0ubuntu1.17.04.1-b11)
# Java VM: OpenJDK 64-Bit Server VM (25.131-b11 mixed mode linux-amd64 compressed oops)
Heap:
 PSYoungGen      total 49152K, used 12483K [0x00000000ec000000, 0x00000000f0c80000, 0x0000000100000000)
  eden space 26112K, 47% used [0x00000000ec000000,0x00000000ecc30f10,0x00000000ed980000)
  from space 23040K, 0% used [0x00000000ef200000,0x00000000ef200000,0x00000000f0880000)
  to   space 25088K, 0% used [0x00000000ed980000,0x00000000ed980000,0x00000000ef200000)
 ParOldGen       total 84480K, used 43755K [0x00000000c4000000, 0x00000000c9280000, 0x00000000ec000000)
  object space 84480K, 51% used [0x00000000c4000000,0x00000000c6abafa8,0x00000000c9280000)
 Metaspace       used 4585K, capacity 4856K, committed 4992K, reserved 1056768K
  class space    used 505K, capacity 551K, committed 640K, reserved 1048576K
GC Heap History (10 events):
Event: 376.636 GC heap before
{Heap before GC invocations=10 (full 0):
 PSYoungGen      total 23552K, used 23520K [0x00000000ec000000, 0x00000000ef300000, 0x0000000100000000)
  eden space 15360K, 100% used [0x00000000ec000000,0x00000000ecf00000,0x00000000ecf00000)
  from space 8192K, 99% used [0x00000000ecf00000,0x00000000ed6f8080,0x00000000ed700000)
  to   space 13824K, 0% used [0x00000000ee580000,0x00000000ee580000,0x00000000ef300000)
 ParOldGen       total 40960K, used 22445K [0x00000000c4000000, 0x00000000c6800000, 0x00000000ec000000)
  object space 40960K, 54% used [0x00000000c4000000,0x00000000c55eb5a8,0x00000000c6800000)
 Metaspace       used 4585K, capacity 4856K, committed 4992K, reserved 1056768K
  class space    used 505K, capacity 551K, committed 640K, reserved 1048576K
Event: 376.670 GC heap after
Heap after GC invocations=10 (full 0):
 PSYoungGen      total 31232K, used 13792K [0x00000000ec000000, 0x00000000f0100000, 0x0000000100000000)
  eden space 17408K, 0% used [0x00000000ec000000,0x00000000ec000000,0x00000000ed100000)
  from space 13824K, 99% used [0x00000000ee580000,0x00000000ef2f8050,0x00000000ef300000)
  to   space 20992K, 0% used [0x00000000ed100000,0x00000000ed100000,0x00000000ee580000)
 ParOldGen       total 40960K, used 36309K [0x00000000c4000000, 0x00000000c6800000, 0x00000000ec000000)
  object space 40960K, 88% used [0x00000000c4000000,0x00000000c6375618,0x00000000c6800000)
 Metaspace       used 4585K, capacity 4856K, committed 4992K, reserved 1056768K
  class space    used 505K, capacity 551K, committed 640K, reserved 1048576K
}
Event: 376.670 GC heap before
{Heap before GC invocations=11 (full 1):
 PSYoungGen      total 31232K, used 13792K [0x00000000ec000000, 0x00000000f0100000, 0x0000000100000000)
  eden space 17408K, 0% used [0x00000000ec000000,0x00000000ec000000,0x00000000ed100000)
  from space 13824K, 99% used [0x00000000ee580000,0x00000000ef2f8050,0x00000000ef300000)
  to   space 20992K, 0% used [0x00000000ed100000,0x00000000ed100000,0x00000000ee580000)
 ParOldGen       total 40960K, used 36309K [0x00000000c4000000, 0x00000000c6800000, 0x00000000ec000000)
  object space 40960K, 88% used [0x00000000c4000000,0x00000000c6375618,0x00000000c6800000)
 Metaspace       used 4585K, capacity 4856K, committed 4992K, reserved 1056768K
  class space    used 505K, capacity 551K, committed 640K, reserved 1048576K
Event: 377.119 GC heap after
Heap after GC invocations=11 (full 1):
 PSYoungGen      total 31232K, used 0K [0x00000000ec000000, 0x00000000f0100000, 0x0000000100000000)
  eden space 17408K, 0% used [0x00000000ec000000,0x00000000ec000000,0x00000000ed100000)
  from space 13824K, 0% used [0x00000000ee580000,0x00000000ee580000,0x00000000ef300000)
  to   space 20992K, 0% used [0x00000000ed100000,0x00000000ed100000,0x00000000ee580000)
 ParOldGen       total 64000K, used 35882K [0x00000000c4000000, 0x00000000c7e80000, 0x00000000ec000000)
  object space 64000K, 56% used [0x00000000c4000000,0x00000000c630abf8,0x00000000c7e80000)
 Metaspace       used 4585K, capacity 4856K, committed 4992K, reserved 1056768K
  class space    used 505K, capacity 551K, committed 640K, reserved 1048576K
}
Event: 377.147 GC heap before
{Heap before GC invocations=12 (full 1):
 PSYoungGen      total 31232K, used 17408K [0x00000000ec000000, 0x00000000f0100000, 0x0000000100000000)
  eden space 17408K, 100% used [0x00000000ec000000,0x00000000ed100000,0x00000000ed100000)
  from space 13824K, 0% used [0x00000000ee580000,0x00000000ee580000,0x00000000ef300000)
  to   space 20992K, 0% used [0x00000000ed100000,0x00000000ed100000,0x00000000ee580000)
 ParOldGen       total 64000K, used 35882K [0x00000000c4000000, 0x00000000c7e80000, 0x00000000ec000000)
  object space 64000K, 56% used [0x00000000c4000000,0x00000000c630abf8,0x00000000c7e80000)
 Metaspace       used 4585K, capacity 4856K, committed 4992K, reserved 1056768K
  class space    used 505K, capacity 551K, committed 640K, reserved 1048576K
Event: 377.182 GC heap after
Heap after GC invocations=12 (full 1):
 PSYoungGen      total 38400K, used 17476K [0x00000000ec000000, 0x00000000f0880000, 0x0000000100000000)
  eden space 17408K, 0% used [0x00000000ec000000,0x00000000ec000000,0x00000000ed100000)
  from space 20992K, 83% used [0x00000000ed100000,0x00000000ee211210,0x00000000ee580000)
  to   space 23040K, 0% used [0x00000000ef200000,0x00000000ef200000,0x00000000f0880000)
 ParOldGen       total 64000K, used 35882K [0x00000000c4000000, 0x00000000c7e80000, 0x00000000ec000000)
  object space 64000K, 56% used [0x00000000c4000000,0x00000000c630abf8,0x00000000c7e80000)
 Metaspace       used 4585K, capacity 4856K, committed 4992K, reserved 1056768K
  class space    used 505K, capacity 551K, committed 640K, reserved 1048576K
}
Event: 377.259 GC heap before
{Heap before GC invocations=13 (full 1):
 PSYoungGen      total 38400K, used 34884K [0x00000000ec000000, 0x00000000f0880000, 0x0000000100000000)
  eden space 17408K, 100% used [0x00000000ec000000,0x00000000ed100000,0x00000000ed100000)
  from space 20992K, 83% used [0x00000000ed100000,0x00000000ee211210,0x00000000ee580000)
  to   space 23040K, 0% used [0x00000000ef200000,0x00000000ef200000,0x00000000f0880000)
 ParOldGen       total 64000K, used 35882K [0x00000000c4000000, 0x00000000c7e80000, 0x00000000ec000000)
  object space 64000K, 56% used [0x00000000c4000000,0x00000000c630abf8,0x00000000c7e80000)
 Metaspace       used 4585K, capacity 4856K, committed 4992K, reserved 1056768K
  class space    used 505K, capacity 551K, committed 640K, reserved 1048576K
Event: 377.372 GC heap after
Heap after GC invocations=13 (full 1):
 PSYoungGen      total 49152K, used 17472K [0x00000000ec000000, 0x00000000f0c80000, 0x0000000100000000)
  eden space 26112K, 0% used [0x00000000ec000000,0x00000000ec000000,0x00000000ed980000)
  from space 23040K, 75% used [0x00000000ef200000,0x00000000f0310000,0x00000000f0880000)
  to   space 25088K, 0% used [0x00000000ed980000,0x00000000ed980000,0x00000000ef200000)
 ParOldGen       total 64000K, used 53327K [0x00000000c4000000, 0x00000000c7e80000, 0x00000000ec000000)
  object space 64000K, 83% used [0x00000000c4000000,0x00000000c7413e08,0x00000000c7e80000)
 Metaspace       used 4585K, capacity 4856K, committed 4992K, reserved 1056768K
  class space    used 505K, capacity 551K, committed 640K, reserved 1048576K
}
Event: 377.372 GC heap before
{Heap before GC invocations=14 (full 2):
 PSYoungGen      total 49152K, used 17472K [0x00000000ec000000, 0x00000000f0c80000, 0x0000000100000000)
  eden space 26112K, 0% used [0x00000000ec000000,0x00000000ec000000,0x00000000ed980000)
  from space 23040K, 75% used [0x00000000ef200000,0x00000000f0310000,0x00000000f0880000)
  to   space 25088K, 0% used [0x00000000ed980000,0x00000000ed980000,0x00000000ef200000)
 ParOldGen       total 64000K, used 53327K [0x00000000c4000000, 0x00000000c7e80000, 0x00000000ec000000)
  object space 64000K, 83% used [0x00000000c4000000,0x00000000c7413e08,0x00000000c7e80000)
 Metaspace       used 4585K, capacity 4856K, committed 4992K, reserved 1056768K
  class space    used 505K, capacity 551K, committed 640K, reserved 1048576K
Event: 378.102 GC heap after
Heap after GC invocations=14 (full 2):
 PSYoungGen      total 49152K, used 0K [0x00000000ec000000, 0x00000000f0c80000, 0x0000000100000000)
  eden space 26112K, 0% used [0x00000000ec000000,0x00000000ec000000,0x00000000ed980000)
  from space 23040K, 0% used [0x00000000ef200000,0x00000000ef200000,0x00000000f0880000)
  to   space 25088K, 0% used [0x00000000ed980000,0x00000000ed980000,0x00000000ef200000)
 ParOldGen       total 84480K, used 43755K [0x00000000c4000000, 0x00000000c9280000, 0x00000000ec000000)
  object space 84480K, 51% used [0x00000000c4000000,0x00000000c6abafa8,0x00000000c9280000)
 Metaspace       used 4585K, capacity 4856K, committed 4992K, reserved 1056768K
  class space    used 505K, capacity 551K, committed 640K, reserved 1048576K
}

