# JRE version: OpenJDK Runtime Environment (8.0_131-b11) (build 1.8.0_131-8u131-b11-0ubuntu1.17.04.1-b11)
# Java VM: OpenJDK 64-Bit Server VM (25.131-b11 mixed mode linux-amd64 compressed oops)
Heap:
 PSYoungGen      total 73216K, used 916K [0x00000000ec000000, 0x00000000f5500000, 0x0000000100000000)
  eden space 47104K, 1% used [0x00000000ec000000,0x00000000ec0e5050,0x00000000eee00000)
  from space 26112K, 0% used [0x00000000eee00000,0x00000000eee00000,0x00000000f0780000)
  to   space 38400K, 0% used [0x00000000f2f80000,0x00000000f2f80000,0x00000000f5500000)
 ParOldGen       total 88576K, used 43720K [0x00000000c4000000, 0x00000000c9680000, 0x00000000ec000000)
  object space 88576K, 49% used [0x00000000c4000000,0x00000000c6ab2318,0x00000000c9680000)
 Metaspace       used 4727K, capacity 4902K, committed 4992K, reserved 1056768K
  class space    used 527K, capacity 588K, committed 640K, reserved 1048576K
GC Heap History (10 events):
Event: 371.287 GC heap before
{Heap before GC invocations=11 (full 0):
 PSYoungGen      total 48640K, used 41088K [0x00000000ec000000, 0x00000000efe80000, 0x0000000100000000)
  eden space 35328K, 100% used [0x00000000ec000000,0x00000000ee280000,0x00000000ee280000)
  from space 13312K, 43% used [0x00000000ef180000,0x00000000ef720040,0x00000000efe80000)
  to   space 14336K, 0% used [0x00000000ee280000,0x00000000ee280000,0x00000000ef080000)
 ParOldGen       total 40960K, used 20337K [0x00000000c4000000, 0x00000000c6800000, 0x00000000ec000000)
  object space 40960K, 49% used [0x00000000c4000000,0x00000000c53dc5c8,0x00000000c6800000)
 Metaspace       used 4729K, capacity 4906K, committed 4992K, reserved 1056768K
  class space    used 528K, capacity 590K, committed 640K, reserved 1048576K
Event: 371.314 GC heap after
Heap after GC invocations=11 (full 0):
 PSYoungGen      total 49664K, used 14170K [0x00000000ec000000, 0x00000000f1780000, 0x0000000100000000)
  eden space 35328K, 0% used [0x00000000ec000000,0x00000000ec000000,0x00000000ee280000)
  from space 14336K, 98% used [0x00000000ee280000,0x00000000ef056a58,0x00000000ef080000)
  to   space 16384K, 0% used [0x00000000f0780000,0x00000000f0780000,0x00000000f1780000)
 ParOldGen       total 40960K, used 23481K [0x00000000c4000000, 0x00000000c6800000, 0x00000000ec000000)
  object space 40960K, 57% used [0x00000000c4000000,0x00000000c56ee5c8,0x00000000c6800000)
 Metaspace       used 4729K, capacity 4906K, committed 4992K, reserved 1056768K
  class space    used 528K, capacity 590K, committed 640K, reserved 1048576K
}
Event: 371.335 GC heap before
{Heap before GC invocations=12 (full 0):
 PSYoungGen      total 49664K, used 49498K [0x00000000ec000000, 0x00000000f1780000, 0x0000000100000000)
  eden space 35328K, 100% used [0x00000000ec000000,0x00000000ee280000,0x00000000ee280000)
  from space 14336K, 98% used [0x00000000ee280000,0x00000000ef056a58,0x00000000ef080000)
  to   space 16384K, 0% used [0x00000000f0780000,0x00000000f0780000,0x00000000f1780000)
 ParOldGen       total 40960K, used 23481K [0x00000000c4000000, 0x00000000c6800000, 0x00000000ec000000)
  object space 40960K, 57% used [0x00000000c4000000,0x00000000c56ee5c8,0x00000000c6800000)
 Metaspace       used 4729K, capacity 4906K, committed 4992K, reserved 1056768K
  class space    used 528K, capacity 590K, committed 640K, reserved 1048576K
Event: 371.389 GC heap after
Heap after GC invocations=12 (full 0):
 PSYoungGen      total 63488K, used 16352K [0x00000000ec000000, 0x00000000f2a80000, 0x0000000100000000)
  eden space 47104K, 0% used [0x00000000ec000000,0x00000000ec000000,0x00000000eee00000)
  from space 16384K, 99% used [0x00000000f0780000,0x00000000f1778080,0x00000000f1780000)
  to   space 26112K, 0% used [0x00000000eee00000,0x00000000eee00000,0x00000000f0780000)
 ParOldGen       total 42496K, used 41961K [0x00000000c4000000, 0x00000000c6980000, 0x00000000ec000000)
  object space 42496K, 98% used [0x00000000c4000000,0x00000000c68fa608,0x00000000c6980000)
 Metaspace       used 4729K, capacity 4906K, committed 4992K, reserved 1056768K
  class space    used 528K, capacity 590K, committed 640K, reserved 1048576K
}
Event: 371.389 GC heap before
{Heap before GC invocations=13 (full 1):
 PSYoungGen      total 63488K, used 16352K [0x00000000ec000000, 0x00000000f2a80000, 0x0000000100000000)
  eden space 47104K, 0% used [0x00000000ec000000,0x00000000ec000000,0x00000000eee00000)
  from space 16384K, 99% used [0x00000000f0780000,0x00000000f1778080,0x00000000f1780000)
  to   space 26112K, 0% used [0x00000000eee00000,0x00000000eee00000,0x00000000f0780000)
 ParOldGen       total 42496K, used 41961K [0x00000000c4000000, 0x00000000c6980000, 0x00000000ec000000)
  object space 42496K, 98% used [0x00000000c4000000,0x00000000c68fa608,0x00000000c6980000)
 Metaspace       used 4729K, capacity 4906K, committed 4992K, reserved 1056768K
  class space    used 528K, capacity 590K, committed 640K, reserved 1048576K
Event: 372.077 GC heap after
Heap after GC invocations=13 (full 1):
 PSYoungGen      total 63488K, used 0K [0x00000000ec000000, 0x00000000f2a80000, 0x0000000100000000)
  eden space 47104K, 0% used [0x00000000ec000000,0x00000000ec000000,0x00000000eee00000)
  from space 16384K, 0% used [0x00000000f0780000,0x00000000f0780000,0x00000000f1780000)
  to   space 26112K, 0% used [0x00000000eee00000,0x00000000eee00000,0x00000000f0780000)
 ParOldGen       total 64000K, used 35233K [0x00000000c4000000, 0x00000000c7e80000, 0x00000000ec000000)
  object space 64000K, 55% used [0x00000000c4000000,0x00000000c6268538,0x00000000c7e80000)
 Metaspace       used 4727K, capacity 4902K, committed 4992K, reserved 1056768K
  class space    used 527K, capacity 588K, committed 640K, reserved 1048576K
}
Event: 372.215 GC heap before
{Heap before GC invocations=14 (full 1):
 PSYoungGen      total 63488K, used 47104K [0x00000000ec000000, 0x00000000f2a80000, 0x0000000100000000)
  eden space 47104K, 100% used [0x00000000ec000000,0x00000000eee00000,0x00000000eee00000)
  from space 16384K, 0% used [0x00000000f0780000,0x00000000f0780000,0x00000000f1780000)
  to   space 26112K, 0% used [0x00000000eee00000,0x00000000eee00000,0x00000000f0780000)
 ParOldGen       total 64000K, used 35233K [0x00000000c4000000, 0x00000000c7e80000, 0x00000000ec000000)
  object space 64000K, 55% used [0x00000000c4000000,0x00000000c6268538,0x00000000c7e80000)
 Metaspace       used 4727K, capacity 4902K, committed 4992K, reserved 1056768K
  class space    used 527K, capacity 588K, committed 640K, reserved 1048576K
Event: 372.297 GC heap after
Heap after GC invocations=14 (full 1):
 PSYoungGen      total 73216K, used 26084K [0x00000000ec000000, 0x00000000f5500000, 0x0000000100000000)
  eden space 47104K, 0% used [0x00000000ec000000,0x00000000ec000000,0x00000000eee00000)
  from space 26112K, 99% used [0x00000000eee00000,0x00000000f0779210,0x00000000f0780000)
  to   space 38400K, 0% used [0x00000000f2f80000,0x00000000f2f80000,0x00000000f5500000)
 ParOldGen       total 64000K, used 56321K [0x00000000c4000000, 0x00000000c7e80000, 0x00000000ec000000)
  object space 64000K, 88% used [0x00000000c4000000,0x00000000c7700538,0x00000000c7e80000)
 Metaspace       used 4727K, capacity 4902K, committed 4992K, reserved 1056768K
  class space    used 527K, capacity 588K, committed 640K, reserved 1048576K
}
Event: 372.297 GC heap before
{Heap before GC invocations=15 (full 2):
 PSYoungGen      total 73216K, used 26084K [0x00000000ec000000, 0x00000000f5500000, 0x0000000100000000)
  eden space 47104K, 0% used [0x00000000ec000000,0x00000000ec000000,0x00000000eee00000)
  from space 26112K, 99% used [0x00000000eee00000,0x00000000f0779210,0x00000000f0780000)
  to   space 38400K, 0% used [0x00000000f2f80000,0x00000000f2f80000,0x00000000f5500000)
 ParOldGen       total 64000K, used 56321K [0x00000000c4000000, 0x00000000c7e80000, 0x00000000ec000000)
  object space 64000K, 88% used [0x00000000c4000000,0x00000000c7700538,0x00000000c7e80000)
 Metaspace       used 4727K, capacity 4902K, committed 4992K, reserved 1056768K
  class space    used 527K, capacity 588K, committed 640K, reserved 1048576K
Event: 373.098 GC heap after
Heap after GC invocations=15 (full 2):
 PSYoungGen      total 73216K, used 0K [0x00000000ec000000, 0x00000000f5500000, 0x0000000100000000)
  eden space 47104K, 0% used [0x00000000ec000000,0x00000000ec000000,0x00000000eee00000)
  from space 26112K, 0% used [0x00000000eee00000,0x00000000eee00000,0x00000000f0780000)
  to   space 38400K, 0% used [0x00000000f2f80000,0x00000000f2f80000,0x00000000f5500000)
 ParOldGen       total 88576K, used 43720K [0x00000000c4000000, 0x00000000c9680000, 0x00000000ec000000)
  object space 88576K, 49% used [0x00000000c4000000,0x00000000c6ab2318,0x00000000c9680000)
 Metaspace       used 4727K, capacity 4902K, committed 4992K, reserved 1056768K
  class space    used 527K, capacity 588K, committed 640K, reserved 1048576K
}

